2024-03-01 19:06:36.544 - INFO - MainThread - pynealScanner, line: 156 - Starting Pyneal Scanner
2024-03-01 19:06:36.736 - DEBUG - MainThread - Siemens_utils, line: 726 - Scanner Socket Host: 127.0.0.1
2024-03-01 19:06:36.736 - DEBUG - MainThread - Siemens_utils, line: 727 - Scanner Socket Port: 5556
2024-03-01 19:06:36.736 - DEBUG - MainThread - Siemens_utils, line: 732 - Created pynealSocket
2024-03-01 19:06:36.736 - INFO - MainThread - Siemens_utils, line: 735 - Connecting to pynealSocket...
2024-03-01 19:06:36.737 - INFO - MainThread - Siemens_utils, line: 742 - pynealSocket connected
2024-03-01 19:06:36.737 - INFO - MainThread - Siemens_utils, line: 745 - Waiting for new series files to appear...
2024-03-01 19:06:51.548 - INFO - MainThread - Siemens_utils, line: 747 - New Series Number: 000013
2024-03-01 19:06:51.549 - DEBUG - Thread-2 - Siemens_utils, line: 593 - Siemens_processMosaic started
2024-03-01 19:06:51.549 - DEBUG - Thread-1 - Siemens_utils, line: 533 - Put 1 new mosaic file on the queue
2024-03-01 19:06:51.754 - INFO - Thread-2 - Siemens_utils, line: 646 - Volume 0 processing
2024-03-01 19:06:51.761 - DEBUG - Thread-2 - Siemens_utils, line: 686 - TO pynealSocket: vol 0
2024-03-01 19:06:51.765 - DEBUG - Thread-2 - Siemens_utils, line: 694 - FROM pynealSocket: received volIdx 0
2024-03-01 19:06:51.765 - DEBUG - Thread-2 - Siemens_utils, line: 624 - Processed 1 tasks from the queue (1 total)
2024-03-01 19:06:53.593 - DEBUG - Thread-1 - Siemens_utils, line: 533 - Put 1 new mosaic file on the queue
2024-03-01 19:06:53.604 - INFO - Thread-2 - Siemens_utils, line: 646 - Volume 1 processing
2024-03-01 19:06:53.610 - DEBUG - Thread-2 - Siemens_utils, line: 686 - TO pynealSocket: vol 1
2024-03-01 19:06:53.611 - DEBUG - Thread-2 - Siemens_utils, line: 694 - FROM pynealSocket: received volIdx 1
2024-03-01 19:06:53.612 - DEBUG - Thread-2 - Siemens_utils, line: 624 - Processed 1 tasks from the queue (2 total)
2024-03-01 19:06:55.439 - DEBUG - Thread-1 - Siemens_utils, line: 533 - Put 1 new mosaic file on the queue
2024-03-01 19:06:55.454 - INFO - Thread-2 - Siemens_utils, line: 646 - Volume 2 processing
2024-03-01 19:06:55.459 - DEBUG - Thread-2 - Siemens_utils, line: 686 - TO pynealSocket: vol 2
2024-03-01 19:06:55.461 - DEBUG - Thread-2 - Siemens_utils, line: 694 - FROM pynealSocket: received volIdx 2
2024-03-01 19:06:55.461 - DEBUG - Thread-2 - Siemens_utils, line: 624 - Processed 1 tasks from the queue (3 total)
2024-03-01 19:06:57.486 - DEBUG - Thread-1 - Siemens_utils, line: 533 - Put 1 new mosaic file on the queue
2024-03-01 19:06:57.504 - INFO - Thread-2 - Siemens_utils, line: 646 - Volume 3 processing
2024-03-01 19:06:57.510 - DEBUG - Thread-2 - Siemens_utils, line: 686 - TO pynealSocket: vol 3
2024-03-01 19:06:57.511 - DEBUG - Thread-2 - Siemens_utils, line: 694 - FROM pynealSocket: received volIdx 3
2024-03-01 19:06:57.511 - DEBUG - Thread-2 - Siemens_utils, line: 624 - Processed 1 tasks from the queue (4 total)
2024-03-01 19:06:59.536 - DEBUG - Thread-1 - Siemens_utils, line: 533 - Put 1 new mosaic file on the queue
2024-03-01 19:06:59.555 - INFO - Thread-2 - Siemens_utils, line: 646 - Volume 4 processing
2024-03-01 19:06:59.560 - DEBUG - Thread-2 - Siemens_utils, line: 686 - TO pynealSocket: vol 4
2024-03-01 19:06:59.562 - DEBUG - Thread-2 - Siemens_utils, line: 694 - FROM pynealSocket: received volIdx 4
2024-03-01 19:06:59.562 - DEBUG - Thread-2 - Siemens_utils, line: 624 - Processed 1 tasks from the queue (5 total)
2024-03-01 19:07:01.579 - DEBUG - Thread-1 - Siemens_utils, line: 533 - Put 1 new mosaic file on the queue
2024-03-01 19:07:01.607 - INFO - Thread-2 - Siemens_utils, line: 646 - Volume 5 processing
2024-03-01 19:07:01.612 - DEBUG - Thread-2 - Siemens_utils, line: 686 - TO pynealSocket: vol 5
2024-03-01 19:07:01.613 - DEBUG - Thread-2 - Siemens_utils, line: 694 - FROM pynealSocket: received volIdx 5
2024-03-01 19:07:01.613 - DEBUG - Thread-2 - Siemens_utils, line: 624 - Processed 1 tasks from the queue (6 total)
2024-03-01 19:07:03.620 - DEBUG - Thread-1 - Siemens_utils, line: 533 - Put 1 new mosaic file on the queue
2024-03-01 19:07:03.654 - INFO - Thread-2 - Siemens_utils, line: 646 - Volume 6 processing
2024-03-01 19:07:03.659 - DEBUG - Thread-2 - Siemens_utils, line: 686 - TO pynealSocket: vol 6
2024-03-01 19:07:03.660 - DEBUG - Thread-2 - Siemens_utils, line: 694 - FROM pynealSocket: received volIdx 6
2024-03-01 19:07:03.660 - DEBUG - Thread-2 - Siemens_utils, line: 624 - Processed 1 tasks from the queue (7 total)
2024-03-01 19:07:05.667 - DEBUG - Thread-1 - Siemens_utils, line: 533 - Put 1 new mosaic file on the queue
2024-03-01 19:07:05.710 - INFO - Thread-2 - Siemens_utils, line: 646 - Volume 7 processing
2024-03-01 19:07:05.715 - DEBUG - Thread-2 - Siemens_utils, line: 686 - TO pynealSocket: vol 7
2024-03-01 19:07:05.717 - DEBUG - Thread-2 - Siemens_utils, line: 694 - FROM pynealSocket: received volIdx 7
2024-03-01 19:07:05.717 - DEBUG - Thread-2 - Siemens_utils, line: 624 - Processed 1 tasks from the queue (8 total)
2024-03-01 19:07:07.717 - DEBUG - Thread-1 - Siemens_utils, line: 533 - Put 1 new mosaic file on the queue
2024-03-01 19:07:07.768 - INFO - Thread-2 - Siemens_utils, line: 646 - Volume 8 processing
2024-03-01 19:07:07.777 - DEBUG - Thread-2 - Siemens_utils, line: 686 - TO pynealSocket: vol 8
2024-03-01 19:07:09.767 - DEBUG - Thread-1 - Siemens_utils, line: 533 - Put 1 new mosaic file on the queue
2024-03-01 19:07:11.815 - DEBUG - Thread-1 - Siemens_utils, line: 533 - Put 1 new mosaic file on the queue
2024-03-01 19:07:13.866 - DEBUG - Thread-1 - Siemens_utils, line: 533 - Put 1 new mosaic file on the queue
2024-03-01 19:07:15.920 - DEBUG - Thread-1 - Siemens_utils, line: 533 - Put 1 new mosaic file on the queue
2024-03-01 19:07:17.966 - DEBUG - Thread-1 - Siemens_utils, line: 533 - Put 1 new mosaic file on the queue
