2024-03-01 18:46:02.435 - INFO - MainThread - pynealScanner, line: 156 - Starting Pyneal Scanner
2024-03-01 18:46:02.625 - DEBUG - MainThread - Siemens_utils, line: 726 - Scanner Socket Host: 127.0.0.1
2024-03-01 18:46:02.625 - DEBUG - MainThread - Siemens_utils, line: 727 - Scanner Socket Port: 5556
2024-03-01 18:46:02.626 - DEBUG - MainThread - Siemens_utils, line: 732 - Created pynealSocket
2024-03-01 18:46:02.626 - INFO - MainThread - Siemens_utils, line: 735 - Connecting to pynealSocket...
2024-03-01 18:46:02.626 - INFO - MainThread - Siemens_utils, line: 742 - pynealSocket connected
2024-03-01 18:46:02.626 - INFO - MainThread - Siemens_utils, line: 745 - Waiting for new series files to appear...
2024-03-01 18:46:21.935 - INFO - MainThread - Siemens_utils, line: 747 - New Series Number: 000013
2024-03-01 18:46:21.936 - DEBUG - Thread-2 - Siemens_utils, line: 593 - Siemens_processMosaic started
2024-03-01 18:46:21.937 - DEBUG - Thread-1 - Siemens_utils, line: 533 - Put 1 new mosaic file on the queue
2024-03-01 18:46:22.142 - INFO - Thread-2 - Siemens_utils, line: 646 - Volume 0 processing
2024-03-01 18:46:22.149 - DEBUG - Thread-2 - Siemens_utils, line: 686 - TO pynealSocket: vol 0
2024-03-01 18:46:22.153 - DEBUG - Thread-2 - Siemens_utils, line: 694 - FROM pynealSocket: received volIdx 0
2024-03-01 18:46:22.153 - DEBUG - Thread-2 - Siemens_utils, line: 624 - Processed 1 tasks from the queue (1 total)
2024-03-01 18:46:23.986 - DEBUG - Thread-1 - Siemens_utils, line: 533 - Put 1 new mosaic file on the queue
2024-03-01 18:46:23.996 - INFO - Thread-2 - Siemens_utils, line: 646 - Volume 1 processing
2024-03-01 18:46:24.003 - DEBUG - Thread-2 - Siemens_utils, line: 686 - TO pynealSocket: vol 1
2024-03-01 18:46:24.004 - DEBUG - Thread-2 - Siemens_utils, line: 694 - FROM pynealSocket: received volIdx 1
2024-03-01 18:46:24.004 - DEBUG - Thread-2 - Siemens_utils, line: 624 - Processed 1 tasks from the queue (2 total)
2024-03-01 18:46:25.833 - DEBUG - Thread-1 - Siemens_utils, line: 533 - Put 1 new mosaic file on the queue
2024-03-01 18:46:25.849 - INFO - Thread-2 - Siemens_utils, line: 646 - Volume 2 processing
2024-03-01 18:46:25.855 - DEBUG - Thread-2 - Siemens_utils, line: 686 - TO pynealSocket: vol 2
2024-03-01 18:46:25.857 - DEBUG - Thread-2 - Siemens_utils, line: 694 - FROM pynealSocket: received volIdx 2
2024-03-01 18:46:25.857 - DEBUG - Thread-2 - Siemens_utils, line: 624 - Processed 1 tasks from the queue (3 total)
2024-03-01 18:46:28.090 - DEBUG - Thread-1 - Siemens_utils, line: 533 - Put 1 new mosaic file on the queue
2024-03-01 18:46:28.111 - INFO - Thread-2 - Siemens_utils, line: 646 - Volume 3 processing
2024-03-01 18:46:28.117 - DEBUG - Thread-2 - Siemens_utils, line: 686 - TO pynealSocket: vol 3
2024-03-01 18:46:28.119 - DEBUG - Thread-2 - Siemens_utils, line: 694 - FROM pynealSocket: received volIdx 3
2024-03-01 18:46:28.119 - DEBUG - Thread-2 - Siemens_utils, line: 624 - Processed 1 tasks from the queue (4 total)
2024-03-01 18:46:29.928 - DEBUG - Thread-1 - Siemens_utils, line: 533 - Put 1 new mosaic file on the queue
2024-03-01 18:46:29.959 - INFO - Thread-2 - Siemens_utils, line: 646 - Volume 4 processing
2024-03-01 18:46:29.969 - DEBUG - Thread-2 - Siemens_utils, line: 686 - TO pynealSocket: vol 4
2024-03-01 18:46:29.973 - DEBUG - Thread-2 - Siemens_utils, line: 694 - FROM pynealSocket: received volIdx 4
2024-03-01 18:46:29.973 - DEBUG - Thread-2 - Siemens_utils, line: 624 - Processed 1 tasks from the queue (5 total)
2024-03-01 18:46:31.970 - DEBUG - Thread-1 - Siemens_utils, line: 533 - Put 1 new mosaic file on the queue
2024-03-01 18:46:32.012 - INFO - Thread-2 - Siemens_utils, line: 646 - Volume 5 processing
2024-03-01 18:46:32.021 - DEBUG - Thread-2 - Siemens_utils, line: 686 - TO pynealSocket: vol 5
2024-03-01 18:46:32.023 - DEBUG - Thread-2 - Siemens_utils, line: 694 - FROM pynealSocket: received volIdx 5
2024-03-01 18:46:32.023 - DEBUG - Thread-2 - Siemens_utils, line: 624 - Processed 1 tasks from the queue (6 total)
2024-03-01 18:46:34.023 - DEBUG - Thread-1 - Siemens_utils, line: 533 - Put 1 new mosaic file on the queue
2024-03-01 18:46:34.066 - INFO - Thread-2 - Siemens_utils, line: 646 - Volume 6 processing
2024-03-01 18:46:34.075 - DEBUG - Thread-2 - Siemens_utils, line: 686 - TO pynealSocket: vol 6
2024-03-01 18:46:34.076 - DEBUG - Thread-2 - Siemens_utils, line: 694 - FROM pynealSocket: received volIdx 6
2024-03-01 18:46:34.077 - DEBUG - Thread-2 - Siemens_utils, line: 624 - Processed 1 tasks from the queue (7 total)
2024-03-01 18:46:36.269 - DEBUG - Thread-1 - Siemens_utils, line: 533 - Put 1 new mosaic file on the queue
2024-03-01 18:46:36.330 - INFO - Thread-2 - Siemens_utils, line: 646 - Volume 7 processing
2024-03-01 18:46:36.338 - DEBUG - Thread-2 - Siemens_utils, line: 686 - TO pynealSocket: vol 7
2024-03-01 18:46:36.340 - DEBUG - Thread-2 - Siemens_utils, line: 694 - FROM pynealSocket: received volIdx 7
2024-03-01 18:46:36.340 - DEBUG - Thread-2 - Siemens_utils, line: 624 - Processed 1 tasks from the queue (8 total)
2024-03-01 18:46:38.115 - DEBUG - Thread-1 - Siemens_utils, line: 533 - Put 1 new mosaic file on the queue
2024-03-01 18:46:38.185 - INFO - Thread-2 - Siemens_utils, line: 646 - Volume 8 processing
2024-03-01 18:46:38.189 - DEBUG - Thread-2 - Siemens_utils, line: 686 - TO pynealSocket: vol 8
2024-03-01 18:46:40.370 - DEBUG - Thread-1 - Siemens_utils, line: 533 - Put 1 new mosaic file on the queue
2024-03-01 18:46:42.217 - DEBUG - Thread-1 - Siemens_utils, line: 533 - Put 1 new mosaic file on the queue
2024-03-01 18:46:44.268 - DEBUG - Thread-1 - Siemens_utils, line: 533 - Put 1 new mosaic file on the queue
2024-03-01 18:46:46.315 - DEBUG - Thread-1 - Siemens_utils, line: 533 - Put 1 new mosaic file on the queue
2024-03-01 18:46:48.572 - DEBUG - Thread-1 - Siemens_utils, line: 533 - Put 1 new mosaic file on the queue
2024-03-01 18:46:50.623 - DEBUG - Thread-1 - Siemens_utils, line: 533 - Put 1 new mosaic file on the queue
2024-03-01 18:46:52.470 - DEBUG - Thread-1 - Siemens_utils, line: 533 - Put 1 new mosaic file on the queue
2024-03-01 18:46:54.726 - DEBUG - Thread-1 - Siemens_utils, line: 533 - Put 1 new mosaic file on the queue
2024-03-01 18:46:56.774 - DEBUG - Thread-1 - Siemens_utils, line: 533 - Put 1 new mosaic file on the queue
